<?xml version="1.0" encoding="UTF-8"?>
<testng-results skipped="0" failed="0" ignored="3" total="4" passed="1">
  <reporter-output>
  </reporter-output>
  <suite name="Default Suite" duration-ms="21257" started-at="2022-09-20T18:51:19 IST" finished-at="2022-09-20T18:51:40 IST">
    <groups>
    </groups>
    <test name="RestAssured" duration-ms="21257" started-at="2022-09-20T18:51:19 IST" finished-at="2022-09-20T18:51:40 IST">
      <class name="com.heroku.TestClass">
        <test-method status="PASS" signature="setUp()[pri:0, instance:com.heroku.TestClass@63e2203c]" name="setUp" is-config="true" duration-ms="7540" started-at="2022-09-20T18:51:19 IST" finished-at="2022-09-20T18:51:27 IST">
          <reporter-output>
          </reporter-output>
        </test-method> <!-- setUp -->
        <test-method status="PASS" signature="dragAndDrop()[pri:0, instance:com.heroku.TestClass@63e2203c]" name="dragAndDrop" duration-ms="13685" started-at="2022-09-20T18:51:27 IST" finished-at="2022-09-20T18:51:40 IST">
          <reporter-output>
          </reporter-output>
        </test-method> <!-- dragAndDrop -->
      </class> <!-- com.heroku.TestClass -->
    </test> <!-- RestAssured -->
  </suite> <!-- Default Suite -->
</testng-results>
