<?xml version="1.0" encoding="UTF-8"?>
<!-- Generated by org.testng.reporters.JUnitXMLReporter -->
<testsuite hostname="USHYDMPRASHAN6" ignored="3" name="RestAssured" tests="1" failures="0" timestamp="2022-09-20T18:51:40 IST" time="21.257" errors="0">
  <testcase name="dragAndDrop" time="13.685" classname="com.heroku.TestClass"/>
  <testcase name="basicAuth" time="0.0" classname="com.heroku.TestClass">
    <ignored/>
  </testcase> <!-- basicAuth -->
  <testcase name="sortingTest" time="0.0" classname="com.heroku.TestClass">
    <ignored/>
  </testcase> <!-- sortingTest -->
  <testcase name="contextMenu" time="0.0" classname="com.heroku.TestClass">
    <ignored/>
  </testcase> <!-- contextMenu -->
</testsuite> <!-- RestAssured -->
